------------------------------------------------------------------------------------------------------------------------

[2023-06-07 09:42:30 #1 store] 
Database 'C:\Users\garto\Documents\SI\Bet3\Bets21\src\main\resources\bets.temp' has been recovered (tr. 20-28)

[2023-06-07 09:42:30 #2 store] 
Database 'C:\Users\garto\Documents\SI\Bet3\Bets21\src\main\resources\bets.temp' is opened by 10268@Garikoitz

[2023-06-07 09:42:30 #3 type] 
Type domain.Quote is not enhanced.

[2023-06-07 09:42:30 #4 type] 
Type domain.Bet is not enhanced.

[2023-06-07 09:42:30 #5 type] 
Type domain.Question is not enhanced.

[2023-06-07 09:42:30 #6 type] 
Type domain.User is not enhanced.

[2023-06-07 09:42:30 #7 type] 
Type domain.Registered is not enhanced.

[2023-06-07 09:42:30 #8 type] 
Type domain.Event is not enhanced.

[2023-06-07 09:42:30 #9 type] 
Type domain.Message is not enhanced.

[2023-06-07 09:42:30 #10 type] 
Type domain.Movement is not enhanced.

[2023-06-07 09:42:30 #11 type] 
Type domain.Admin is not enhanced.

