------------------------------------------------------------------------------------------------------------------------

[2023-05-17 08:37:21 #1 store] 
Database 'C:\Users\garto\Documents\SI\Bet3\Bets21\src\main\resources\bets.temp' has been recovered (tr. 7-10)

[2023-05-17 08:37:21 #2 store] 
Database 'C:\Users\garto\Documents\SI\Bet3\Bets21\src\main\resources\bets.temp' is opened by 5456@Garikoitz

[2023-05-17 08:37:21 #3 type] 
Type domain.Quote is not enhanced.

[2023-05-17 08:37:21 #4 type] 
Type domain.Bet is not enhanced.

[2023-05-17 08:37:21 #5 type] 
Type domain.Question is not enhanced.

[2023-05-17 08:37:21 #6 type] 
Type domain.User is not enhanced.

[2023-05-17 08:37:21 #7 type] 
Type domain.Registered is not enhanced.

[2023-05-17 08:37:21 #8 type] 
Type domain.Event is not enhanced.

[2023-05-17 08:37:21 #9 type] 
Type domain.Message is not enhanced.

[2023-05-17 08:37:21 #10 type] 
Type domain.Movement is not enhanced.

[2023-05-17 08:37:21 #11 type] 
Type domain.Admin is not enhanced.

------------------------------------------------------------------------------------------------------------------------

[2023-05-17 09:16:00 #1 store] 
Database 'C:\Users\garto\Documents\SI\Bet3\Bets21\src\main\resources\bets.temp' has been recovered (tr. 11-12)

[2023-05-17 09:16:00 #2 store] 
Database 'C:\Users\garto\Documents\SI\Bet3\Bets21\src\main\resources\bets.temp' is opened by 5932@Garikoitz

[2023-05-17 09:16:00 #3 type] 
Type domain.Quote is not enhanced.

[2023-05-17 09:16:00 #4 type] 
Type domain.Bet is not enhanced.

[2023-05-17 09:16:00 #5 type] 
Type domain.Question is not enhanced.

[2023-05-17 09:16:00 #6 type] 
Type domain.User is not enhanced.

[2023-05-17 09:16:00 #7 type] 
Type domain.Registered is not enhanced.

[2023-05-17 09:16:00 #8 type] 
Type domain.Event is not enhanced.

[2023-05-17 09:16:00 #9 type] 
Type domain.Message is not enhanced.

[2023-05-17 09:16:00 #10 type] 
Type domain.Movement is not enhanced.

[2023-05-17 09:16:00 #11 type] 
Type domain.Admin is not enhanced.

