------------------------------------------------------------------------------------------------------------------------

[2023-05-21 10:44:49 #1 store] 
Database 'C:\Users\garto\Documents\SI\Bet3\Bets21\src\main\resources\bets.temp' has been recovered (tr. 13-17)

[2023-05-21 10:44:49 #2 store] 
Database 'C:\Users\garto\Documents\SI\Bet3\Bets21\src\main\resources\bets.temp' is opened by 12928@Garikoitz

[2023-05-21 10:44:49 #3 type] 
Type domain.Quote is not enhanced.

[2023-05-21 10:44:49 #4 type] 
Type domain.Bet is not enhanced.

[2023-05-21 10:44:49 #5 type] 
Type domain.Question is not enhanced.

[2023-05-21 10:44:49 #6 type] 
Type domain.User is not enhanced.

[2023-05-21 10:44:49 #7 type] 
Type domain.Registered is not enhanced.

[2023-05-21 10:44:49 #8 type] 
Type domain.Event is not enhanced.

[2023-05-21 10:44:49 #9 type] 
Type domain.Message is not enhanced.

[2023-05-21 10:44:49 #10 type] 
Type domain.Movement is not enhanced.

[2023-05-21 10:44:49 #11 type] 
Type domain.Admin is not enhanced.

------------------------------------------------------------------------------------------------------------------------

[2023-05-21 13:34:58 #1 store] 
Database 'C:\Users\garto\Documents\SI\Bet3\Bets21\src\main\resources\bets.temp' has been recovered (tr. 18-18)

[2023-05-21 13:34:58 #2 store] 
Database 'C:\Users\garto\Documents\SI\Bet3\Bets21\src\main\resources\bets.temp' is opened by 12760@Garikoitz

[2023-05-21 13:34:58 #3 type] 
Type domain.Quote is not enhanced.

[2023-05-21 13:34:58 #4 type] 
Type domain.Bet is not enhanced.

[2023-05-21 13:34:58 #5 type] 
Type domain.Question is not enhanced.

[2023-05-21 13:34:58 #6 type] 
Type domain.User is not enhanced.

[2023-05-21 13:34:58 #7 type] 
Type domain.Registered is not enhanced.

[2023-05-21 13:34:58 #8 type] 
Type domain.Event is not enhanced.

[2023-05-21 13:34:58 #9 type] 
Type domain.Message is not enhanced.

[2023-05-21 13:34:58 #10 type] 
Type domain.Movement is not enhanced.

[2023-05-21 13:34:58 #11 type] 
Type domain.Admin is not enhanced.

------------------------------------------------------------------------------------------------------------------------

[2023-05-21 18:21:49 #1 store] 
Database 'C:\Users\garto\Documents\SI\Bet3\Bets21\src\main\resources\bets.temp' has been recovered (tr. 19-19)

[2023-05-21 18:21:49 #2 store] 
Database 'C:\Users\garto\Documents\SI\Bet3\Bets21\src\main\resources\bets.temp' is opened by 13620@Garikoitz

[2023-05-21 18:21:49 #3 type] 
Type domain.Quote is not enhanced.

[2023-05-21 18:21:49 #4 type] 
Type domain.Bet is not enhanced.

[2023-05-21 18:21:49 #5 type] 
Type domain.Question is not enhanced.

[2023-05-21 18:21:49 #6 type] 
Type domain.User is not enhanced.

[2023-05-21 18:21:49 #7 type] 
Type domain.Registered is not enhanced.

[2023-05-21 18:21:49 #8 type] 
Type domain.Event is not enhanced.

[2023-05-21 18:21:49 #9 type] 
Type domain.Message is not enhanced.

[2023-05-21 18:21:49 #10 type] 
Type domain.Movement is not enhanced.

[2023-05-21 18:21:49 #11 type] 
Type domain.Admin is not enhanced.

